A	C	G	T	N	IUPAC	Other	GC	GC_stdev
0.2899	0.2095	0.2100	0.2907	0.0738	0.0000	0.0000	0.4194	0.1379

Main genome scaffold total:         	61591
Main genome contig total:           	108268
Main genome scaffold sequence total:	1270808751
Main genome contig sequence total:  	1177023790  	7.380% gap
Main genome scaffold N/L50:         	125/2489142
Main genome contig N/L50:           	2229/145653
Main genome scaffold N/L90:         	870/145390
Main genome contig N/L90:           	9603/22038
Max scaffold length:                	17658973
Max contig length:                  	1777928
Number of scaffolds > 50 KB:        	1367
% main genome in scaffolds > 50 KB: 	93.26%


Minimum 	Number        	Number        	Total         	Total         	Scaffold
Scaffold	of            	of            	Scaffold      	Contig        	Contig  
Length  	Scaffolds     	Contigs       	Length        	Length        	Coverage
--------	--------------	--------------	--------------	--------------	--------
    All 	         61591	        108268	    1270808751	    1177023790	  92.62%
     50 	         61591	        108268	    1270808751	    1177023790	  92.62%
    100 	         61591	        108268	    1270808751	    1177023790	  92.62%
    250 	         15873	         62548	    1264503116	    1170718227	  92.58%
    500 	         12140	         58808	    1263246320	    1169461829	  92.58%
   1000 	          9132	         55229	    1260983637	    1167323486	  92.57%
   2500 	          6807	         51727	    1257616151	    1164142965	  92.57%
   5000 	          5592	         48794	    1253547191	    1161758108	  92.68%
  10000 	          3933	         44063	    1241396393	    1157954203	  93.28%
  25000 	          2180	         36712	    1213034197	    1149254239	  94.74%
  50000 	          1367	         30590	    1185136152	    1138890633	  96.10%
 100000 	          1002	         26139	    1159925781	    1125351446	  97.02%
 250000 	           683	         21106	    1107825321	    1082698487	  97.73%
 500000 	           486	         17712	    1037925201	    1018091750	  98.09%
1000000 	           300	         13381	     906794907	     892839884	  98.46%
2500000 	           123	          7911	     630821807	     623488638	  98.84%
5000000 	            47	          4323	     357558200	     353949980	  98.99%
10000000 	             6	           802	      79719976	      79055751	  99.17%

