[('spotbilled13', '26'), ('quantizpool', '24')]
upper_bound [50.0, 1.0, 10.0, 5.0, 20.0, 20.0]
lower_bound [1e-05, 0.0, 1e-06, 1e-06, 0.001, 0.001]
params array([ 2. ,  0.5,  0.3,  0.1,  2. ,  2. ])
paramsname ['nuA', 's', 'TA', 'TS', 'm12', 'm21']
6       , -5172.62    , array([ 1.52244    ,  0.74061    ,  0.399029   ,  0.0981588  ,  2.38664    ,  3.57491    ])
18      , -5172.31    , array([ 1.52237    ,  0.740626   ,  0.39903    ,  0.0981597  ,  2.38425    ,  3.57491    ])
24      , -5172.32    , array([ 1.52237    ,  0.740626   ,  0.39903    ,  0.0981597  ,  2.38425    ,  3.57848    ])
30      , -5006.56    , array([ 1.23196    ,  0.816618   ,  0.402498   ,  0.102001   ,  2.36066    ,  3.57229    ])
36      , -4726.22    , array([ 1.07778    ,  0.783612   ,  0.405023   ,  0.103535   ,  2.34968    ,  3.61881    ])
42      , -4237.79    , array([ 0.816863   ,  0.816004   ,  0.37925    ,  0.0663495  ,  3.01225    ,  6.64854    ])
48      , -4236.97    , array([ 0.816863   ,  0.816004   ,  0.37925    ,  0.0663495  ,  3.01225    ,  6.65519    ])
60      , -4243.63    , array([ 0.816862   ,  0.816821   ,  0.379249   ,  0.0663495  ,  3.01225    ,  6.64859    ])
66      , -4237.78    , array([ 0.816861   ,  0.816005   ,  0.379247   ,  0.0663496  ,  3.01225    ,  6.64863    ])
72      , -4236.96    , array([ 0.816861   ,  0.816005   ,  0.379247   ,  0.0663496  ,  3.01225    ,  6.65528    ])
78      , -3743.77    , array([ 0.696783   ,  0.85492    ,  0.227701   ,  0.0720269  ,  3.01707    ,  16.6804    ])
84      , -6157.98    , array([ 0.228854   ,  0.833871   ,  0.000766066,  0.00242359 ,  0.181225   ,  10.4065    ])
90      , -3662.51    , array([ 0.568463   ,  0.850877   ,  0.0804006  ,  0.0387129  ,  1.8043     ,  15.302     ])
96      , -3661.78    , array([ 0.568463   ,  0.850877   ,  0.0804006  ,  0.0387129  ,  1.8043     ,  15.3173    ])
102     , -3503.82    , array([ 0.513275   ,  0.839686   ,  0.049512   ,  0.0450074  ,  2.87926    ,  17.3738    ])
114     , -3503.84    , array([ 0.513274   ,  0.839686   ,  0.0495119  ,  0.0449624  ,  2.87927    ,  17.3738    ])
120     , -3503.11    , array([ 0.513274   ,  0.839686   ,  0.0495119  ,  0.0449624  ,  2.87927    ,  17.3912    ])
126     , -3503.82    , array([ 0.513274   ,  0.839686   ,  0.0495117  ,  0.0450075  ,  2.87927    ,  17.3738    ])
138     , -3503.84    , array([ 0.513274   ,  0.839686   ,  0.0495117  ,  0.0449625  ,  2.87928    ,  17.3738    ])
144     , -3503.11    , array([ 0.513274   ,  0.839686   ,  0.0495117  ,  0.0449625  ,  2.87928    ,  17.3912    ])
150     , -3503.82    , array([ 0.513274   ,  0.839686   ,  0.0495116  ,  0.0450075  ,  2.87928    ,  17.3738    ])
156     , -3372.38    , array([ 0.463444   ,  0.829472   ,  0.0304901  ,  0.0522209  ,  4.59468    ,  19.7262    ])
174     , -3367.79    , array([ 0.463444   ,  0.828642   ,  0.0304901  ,  0.0522732  ,  4.59468    ,  19.7262    ])
180     , -3372.38    , array([ 0.463444   ,  0.829472   ,  0.0304901  ,  0.0522209  ,  4.59468    ,  19.7262    ])
198     , -3367.79    , array([ 0.463444   ,  0.828643   ,  0.0304901  ,  0.0522732  ,  4.59468    ,  19.7262    ])
204     , -3372.38    , array([ 0.463444   ,  0.829472   ,  0.0304901  ,  0.052221   ,  4.59468    ,  19.7262    ])
222     , -3367.79    , array([ 0.463444   ,  0.828643   ,  0.0304901  ,  0.0522732  ,  4.59468    ,  19.7262    ])
228     , -3372.38    , array([ 0.463444   ,  0.829472   ,  0.0304901  ,  0.052221   ,  4.59468    ,  19.7262    ])
246     , -3367.79    , array([ 0.463444   ,  0.828643   ,  0.0304901  ,  0.0522732  ,  4.59468    ,  19.7262    ])
252     , -3372.38    , array([ 0.463444   ,  0.829472   ,  0.0304901  ,  0.052221   ,  4.59468    ,  19.7262    ])
270     , -3367.79    , array([ 0.463444   ,  0.828643   ,  0.0304901  ,  0.0522732  ,  4.59468    ,  19.7262    ])
276     , -3372.38    , array([ 0.463444   ,  0.829472   ,  0.0304901  ,  0.052221   ,  4.59468    ,  19.7262    ])
294     , -3367.79    , array([ 0.463444   ,  0.828643   ,  0.0304901  ,  0.0522732  ,  4.59468    ,  19.7262    ])
300     , -3372.38    , array([ 0.463444   ,  0.829472   ,  0.0304901  ,  0.052221   ,  4.59468    ,  19.7262    ])
318     , -3367.79    , array([ 0.463444   ,  0.828643   ,  0.0304901  ,  0.0522732  ,  4.59468    ,  19.7262    ])
324     , -3372.38    , array([ 0.463444   ,  0.829472   ,  0.0304901  ,  0.052221   ,  4.59468    ,  19.7262    ])
330     , -3363.22    , array([ 0.462592   ,  0.828902   ,  0.0303662  ,  0.052397   ,  4.60047    ,  19.9111    ])
336     , -3362.64    , array([ 0.462592   ,  0.828902   ,  0.0303662  ,  0.052397   ,  4.60047    ,  19.931     ])
348     , -3367.69    , array([ 0.462592   ,  0.829732   ,  0.0303662  ,  0.052397   ,  4.60047    ,  19.9111    ])
354     , -3363.22    , array([ 0.462592   ,  0.828902   ,  0.0303662  ,  0.052397   ,  4.60047    ,  19.9111    ])
360     , -3362.64    , array([ 0.462592   ,  0.828902   ,  0.0303662  ,  0.052397   ,  4.60047    ,  19.931     ])
366     , -3361.62    , array([ 0.462312   ,  0.828988   ,  0.0303255  ,  0.0525076  ,  4.60239    ,  19.9724    ])
378     , -3361.69    , array([ 0.462312   ,  0.828988   ,  0.0303255  ,  0.0524552  ,  4.60239    ,  19.9724    ])
384     , -3361.12    , array([ 0.462312   ,  0.828988   ,  0.0303255  ,  0.0524552  ,  4.60239    ,  19.9924    ])
390     , -3361.62    , array([ 0.462312   ,  0.828988   ,  0.0303255  ,  0.0525076  ,  4.60239    ,  19.9724    ])
396     , -3365.65    , array([ 0.462219   ,  0.829846   ,  0.030312   ,  0.0524744  ,  4.60302    ,  19.9927    ])
408     , -3363.22    , array([ 0.462593   ,  0.828902   ,  0.0303663  ,  0.0523969  ,  4.60047    ,  19.911     ])
414     , -3363.34    , array([ 0.462593   ,  0.828902   ,  0.0303663  ,  0.0523969  ,  4.60507    ,  19.911     ])
420     , -3366.52    , array([ 0.46238    ,  0.829797   ,  0.0303354  ,  0.052441   ,  4.60192    ,  19.9575    ])
426     , -3361.49    , array([ 0.462274   ,  0.829      ,  0.03032    ,  0.052463   ,  4.60264    ,  19.9808    ])
438     , -3361.73    , array([ 0.462333   ,  0.828982   ,  0.0303285  ,  0.0525033  ,  4.60224    ,  19.9679    ])
450     , -3361.81    , array([ 0.462333   ,  0.828982   ,  0.0303285  ,  0.0524508  ,  4.60224    ,  19.9679    ])
456     , -3361.23    , array([ 0.462333   ,  0.828982   ,  0.0303285  ,  0.0524508  ,  4.60224    ,  19.9878    ])
462     , -3361.73    , array([ 0.462333   ,  0.828982   ,  0.0303285  ,  0.0525033  ,  4.60224    ,  19.9679    ])
474     , -3361.81    , array([ 0.462333   ,  0.828982   ,  0.0303285  ,  0.0524508  ,  4.60224    ,  19.9679    ])
480     , -3361.23    , array([ 0.462333   ,  0.828982   ,  0.0303285  ,  0.0524508  ,  4.60224    ,  19.9878    ])
492     , -3366.27    , array([ 0.462333   ,  0.829811   ,  0.0303285  ,  0.0524508  ,  4.60224    ,  19.9679    ])
498     , -3361.81    , array([ 0.462333   ,  0.828982   ,  0.0303285  ,  0.0524508  ,  4.60224    ,  19.9679    ])
504     , -3361.23    , array([ 0.462333   ,  0.828982   ,  0.0303285  ,  0.0524508  ,  4.60224    ,  19.9878    ])
516     , -3366.27    , array([ 0.462333   ,  0.829811   ,  0.0303285  ,  0.0524508  ,  4.60224    ,  19.9679    ])
534     , -3361.73    , array([ 0.462333   ,  0.828982   ,  0.0303285  ,  0.0525033  ,  4.60224    ,  19.9679    ])
540     , -3366.27    , array([ 0.462333   ,  0.829811   ,  0.0303285  ,  0.0524508  ,  4.60224    ,  19.9679    ])
546     , -3361.81    , array([ 0.462333   ,  0.828982   ,  0.0303285  ,  0.0524508  ,  4.60224    ,  19.9679    ])
552     , -3361.23    , array([ 0.462333   ,  0.828982   ,  0.0303285  ,  0.0524508  ,  4.60224    ,  19.9878    ])
558     , -3361.73    , array([ 0.462333   ,  0.828982   ,  0.0303285  ,  0.0525033  ,  4.60224    ,  19.9679    ])
564     , -3366.27    , array([ 0.462333   ,  0.829811   ,  0.0303285  ,  0.0524508  ,  4.60224    ,  19.9679    ])
570     , -3361.81    , array([ 0.462333   ,  0.828982   ,  0.0303285  ,  0.0524508  ,  4.60224    ,  19.9679    ])
576     , -3361.23    , array([ 0.462333   ,  0.828982   ,  0.0303285  ,  0.0524508  ,  4.60224    ,  19.9878    ])
582     , -3361.73    , array([ 0.462333   ,  0.828982   ,  0.0303285  ,  0.0525033  ,  4.60224    ,  19.9679    ])
588     , -3366.27    , array([ 0.462333   ,  0.829811   ,  0.0303285  ,  0.0524508  ,  4.60224    ,  19.9679    ])
594     , -3361.81    , array([ 0.462333   ,  0.828982   ,  0.0303285  ,  0.0524508  ,  4.60224    ,  19.9679    ])
600     , -3361.23    , array([ 0.462333   ,  0.828982   ,  0.0303285  ,  0.0524508  ,  4.60224    ,  19.9878    ])
606     , -3361.73    , array([ 0.462333   ,  0.828982   ,  0.0303285  ,  0.0525033  ,  4.60224    ,  19.9679    ])
612     , -3366.27    , array([ 0.462333   ,  0.829811   ,  0.0303285  ,  0.0524508  ,  4.60224    ,  19.9679    ])
618     , -3361.81    , array([ 0.462333   ,  0.828982   ,  0.0303285  ,  0.0524508  ,  4.60224    ,  19.9679    ])
624     , -3361.23    , array([ 0.462333   ,  0.828982   ,  0.0303285  ,  0.0524508  ,  4.60224    ,  19.9878    ])
630     , -3361.73    , array([ 0.462333   ,  0.828982   ,  0.0303285  ,  0.0525033  ,  4.60224    ,  19.9679    ])
636     , -3366.27    , array([ 0.462333   ,  0.829811   ,  0.0303285  ,  0.0524508  ,  4.60224    ,  19.9679    ])
642     , -3361.81    , array([ 0.462333   ,  0.828982   ,  0.0303285  ,  0.0524508  ,  4.60224    ,  19.9679    ])
648     , -3361.23    , array([ 0.462333   ,  0.828982   ,  0.0303285  ,  0.0524508  ,  4.60224    ,  19.9878    ])
654     , -3361.73    , array([ 0.462333   ,  0.828982   ,  0.0303285  ,  0.0525033  ,  4.60224    ,  19.9679    ])
660     , -3366.27    , array([ 0.462333   ,  0.829811   ,  0.0303285  ,  0.0524508  ,  4.60224    ,  19.9679    ])
666     , -3361.81    , array([ 0.462333   ,  0.828982   ,  0.0303285  ,  0.0524508  ,  4.60224    ,  19.9679    ])
672     , -3361.23    , array([ 0.462333   ,  0.828982   ,  0.0303285  ,  0.0524508  ,  4.60224    ,  19.9878    ])
678     , -3361.73    , array([ 0.462333   ,  0.828982   ,  0.0303285  ,  0.0525033  ,  4.60224    ,  19.9679    ])
690     , -3360.97    , array([ 0.462095   ,  0.828981   ,  0.0302984  ,  0.0524759  ,  4.59726    ,  19.9863    ])
696     , -3361.08    , array([ 0.462105   ,  0.828981   ,  0.0302997  ,  0.0524246  ,  4.59747    ,  19.9855    ])
702     , -3365.5     , array([ 0.462096   ,  0.82981    ,  0.0302985  ,  0.0524235  ,  4.59727    ,  19.9863    ])
708     , -3361.05    , array([ 0.462096   ,  0.828981   ,  0.0302985  ,  0.0524235  ,  4.59727    ,  19.9863    ])
720     , -3360.97    , array([ 0.462096   ,  0.828981   ,  0.0302985  ,  0.052476   ,  4.59727    ,  19.9863    ])
726     , -3361.05    , array([ 0.462096   ,  0.828981   ,  0.0302985  ,  0.0524235  ,  4.59727    ,  19.9863    ])
732     , -3361.05    , array([ 0.462096   ,  0.828981   ,  0.0302985  ,  0.0524235  ,  4.59727    ,  19.9863    ])
738     , -3361.03    , array([ 0.462096   ,  0.828981   ,  0.0303288  ,  0.0524235  ,  4.59727    ,  19.9863    ])
744     , -3361.05    , array([ 0.462096   ,  0.828981   ,  0.0302985  ,  0.0524235  ,  4.59727    ,  19.9863    ])
750     , -3361.05    , array([ 0.462096   ,  0.828981   ,  0.0302985  ,  0.0524235  ,  4.59727    ,  19.9863    ])
756     , -3365.5     , array([ 0.462096   ,  0.82981    ,  0.0302985  ,  0.0524235  ,  4.59727    ,  19.9863    ])
3293.98092234
Nref 1744326.90122
paramname nuA 0.462095518813 effective pop size 806045.6444
paramname s 0.82898052701 effective pop size 1446013.03385
paramname TA 0.0302984852692 generation 105700.925843
paramname TS 0.0524235376389 generation 182887.573922
paramname m12 4.59727370603 migration rate 1.3177787096e-06
paramname m21 19.9862714188 migration rate 5.72893515682e-06
title:theta,ll_opt ['nuA', 's', 'TA', 'TS', 'm12', 'm21']
Optimized parameters [3293.9809223365228, -3361.0469434160764, array([  0.46209552,   0.82898053,   0.03029849,   0.05242354,
         4.59727371,  19.98627142])]
