[('mallard14', '26'), ('quantizpool', '24')]
upper_bound [50.0, 1.0, 10.0, 5.0, 20.0, 20.0]
lower_bound [1e-05, 0.0, 1e-06, 1e-06, 0.001, 0.001]
params array([ 2. ,  0.5,  0.3,  0.1,  2. ,  2. ])
paramsname ['nuA', 's', 'TA', 'TS', 'm12', 'm21']
6       , -7731.57    , array([ 2.72057    ,  0.510095   ,  0.531955   ,  0.0777039  ,  3.66979    ,  1.6619     ])
12      , -4792.65    , array([ 0.59484    ,  0.554276   ,  0.565102   ,  0.125084   ,  3.12026    ,  1.53729    ])
30      , -4792.5     , array([ 0.59483    ,  0.553703   ,  0.565099   ,  0.125209   ,  3.12033    ,  1.53733    ])
36      , -4684.59    , array([ 0.563333   ,  0.497704   ,  0.555823   ,  0.122565   ,  3.34637    ,  1.6413     ])
42      , -4467.02    , array([ 0.522068   ,  0.492435   ,  0.53153    ,  0.11827    ,  4.02742    ,  1.88182    ])
48      , -4466.11    , array([ 0.522068   ,  0.492435   ,  0.53153    ,  0.11827    ,  4.02742    ,  1.88371    ])
54      , -3612.98    , array([ 0.385102   ,  0.473799   ,  0.44452    ,  0.102644   ,  8.44966    ,  3.25191    ])
66      , -3612.58    , array([ 0.385099   ,  0.473799   ,  0.444519   ,  0.102541   ,  8.44979    ,  3.25195    ])
72      , -3611.82    , array([ 0.385099   ,  0.473799   ,  0.444519   ,  0.102541   ,  8.44979    ,  3.2552     ])
78      , -3612.85    , array([ 0.385083   ,  0.473796   ,  0.444508   ,  0.102642   ,  8.45064    ,  3.25219    ])
90      , -3612.47    , array([ 0.385082   ,  0.473796   ,  0.444507   ,  0.102539   ,  8.45068    ,  3.2522     ])
96      , -3611.71    , array([ 0.385082   ,  0.473796   ,  0.444507   ,  0.102539   ,  8.45068    ,  3.25545    ])
102     , -3612.85    , array([ 0.385082   ,  0.473796   ,  0.444507   ,  0.102641   ,  8.45071    ,  3.25221    ])
108     , -3015.87    , array([ 0.284058   ,  0.456323   ,  0.371746   ,  0.0889031  ,  17.7293    ,  5.61988    ])
126     , -3015.54    , array([ 0.284057   ,  0.455866   ,  0.371739   ,  0.0889932  ,  17.7295    ,  5.61998    ])
132     , -3015.83    , array([ 0.284057   ,  0.456321   ,  0.371732   ,  0.0889055  ,  17.7298    ,  5.62008    ])
150     , -3015.52    , array([ 0.284057   ,  0.455864   ,  0.37173    ,  0.0889947  ,  17.7298    ,  5.62011    ])
156     , -3015.82    , array([ 0.284057   ,  0.45632    ,  0.371728   ,  0.0889061  ,  17.7299    ,  5.62014    ])
174     , -3015.51    , array([ 0.284056   ,  0.455864   ,  0.371728   ,  0.0889951  ,  17.7299    ,  5.62014    ])
180     , -3015.82    , array([ 0.284056   ,  0.45632    ,  0.371727   ,  0.0889062  ,  17.7299    ,  5.62015    ])
198     , -3015.51    , array([ 0.284056   ,  0.455864   ,  0.371727   ,  0.0889952  ,  17.7299    ,  5.62015    ])
204     , -3015.82    , array([ 0.284056   ,  0.45632    ,  0.371727   ,  0.0889063  ,  17.7299    ,  5.62015    ])
222     , -3015.51    , array([ 0.284056   ,  0.455864   ,  0.371727   ,  0.0889952  ,  17.7299    ,  5.62015    ])
228     , -3015.82    , array([ 0.284056   ,  0.45632    ,  0.371727   ,  0.0889063  ,  17.7299    ,  5.62015    ])
234     , -2919.93    , array([ 0.280688   ,  0.449958   ,  0.334092   ,  0.0958678  ,  19.0906    ,  6.20978    ])
240     , -2919.53    , array([ 0.280688   ,  0.449958   ,  0.334092   ,  0.0958678  ,  19.0906    ,  6.21599    ])
246     , -2778.6     , array([ 0.256247   ,  0.469324   ,  0.230702   ,  0.0839779  ,  16.279     ,  9.44832    ])
258     , -2778.54    , array([ 0.256247   ,  0.469324   ,  0.230703   ,  0.083894   ,  16.279     ,  9.44833    ])
264     , -2778.21    , array([ 0.256247   ,  0.469324   ,  0.230703   ,  0.083894   ,  16.279     ,  9.45779    ])
270     , -2778.6     , array([ 0.256247   ,  0.469325   ,  0.230703   ,  0.083978   ,  16.279     ,  9.44839    ])
282     , -2778.54    , array([ 0.256247   ,  0.469325   ,  0.230703   ,  0.0838941  ,  16.279     ,  9.44839    ])
288     , -2778.21    , array([ 0.256247   ,  0.469325   ,  0.230703   ,  0.0838941  ,  16.279     ,  9.45784    ])
294     , -2778.6     , array([ 0.256247   ,  0.469325   ,  0.230704   ,  0.0839781  ,  16.279     ,  9.4484     ])
300     , -2879.13    , array([ 0.268801   ,  0.489523   ,  0.321068   ,  0.100118   ,  13.4092    ,  17.2616    ])
306     , -2768.61    , array([ 0.259121   ,  0.473848   ,  0.249186   ,  0.0874247  ,  15.5592    ,  10.8739    ])
312     , -2768.39    , array([ 0.259121   ,  0.473848   ,  0.249186   ,  0.0874247  ,  15.5592    ,  10.8848    ])
318     , -2749.38    , array([ 0.254163   ,  0.475709   ,  0.235122   ,  0.0865675  ,  15.8792    ,  11.2837    ])
324     , -2686.59    , array([ 0.235263   ,  0.48371    ,  0.186365   ,  0.0828066  ,  17.2264    ,  13.0833    ])
330     , -2561.41    , array([ 0.234035   ,  0.505832   ,  0.0959519  ,  0.0871984  ,  18.4909    ,  14.4496    ])
336     , -2561.38    , array([ 0.234035   ,  0.505832   ,  0.0959519  ,  0.0871984  ,  18.4909    ,  14.4641    ])
342     , -2413.25    , array([ 0.27607    ,  0.568845   ,  0.0206444  ,  0.0954764  ,  15.1018    ,  14.4597    ])
354     , -2413.06    , array([ 0.27607    ,  0.568845   ,  0.0206444  ,  0.095381   ,  15.1018    ,  14.4597    ])
360     , -2413.01    , array([ 0.27607    ,  0.568845   ,  0.0206444  ,  0.095381   ,  15.1018    ,  14.4741    ])
366     , -2403.25    , array([ 0.271621   ,  0.574062   ,  0.0189238  ,  0.0922862  ,  15.0747    ,  15.0052    ])
372     , -2358.82    , array([ 0.250076   ,  0.601953   ,  0.0121552  ,  0.0775573  ,  14.9379    ,  18.1157    ])
390     , -2358.63    , array([ 0.250076   ,  0.601351   ,  0.0121552  ,  0.0776349  ,  14.9379    ,  18.1157    ])
396     , -2358.82    , array([ 0.250076   ,  0.601953   ,  0.0121552  ,  0.0775573  ,  14.9379    ,  18.1157    ])
414     , -2358.63    , array([ 0.250076   ,  0.601351   ,  0.0121552  ,  0.0776349  ,  14.9379    ,  18.1157    ])
420     , -2358.82    , array([ 0.250076   ,  0.601953   ,  0.0121552  ,  0.0775573  ,  14.9379    ,  18.1157    ])
438     , -2358.63    , array([ 0.250076   ,  0.601351   ,  0.0121552  ,  0.0776349  ,  14.9379    ,  18.1157    ])
444     , -2358.82    , array([ 0.250076   ,  0.601953   ,  0.0121552  ,  0.0775573  ,  14.9379    ,  18.1157    ])
450     , -2345.03    , array([ 0.242555   ,  0.607231   ,  0.010811   ,  0.0729351  ,  15.028     ,  19.0999    ])
456     , -2344.97    , array([ 0.242555   ,  0.607231   ,  0.010811   ,  0.0729351  ,  15.028     ,  19.119     ])
462     , -2336.79    , array([ 0.237716   ,  0.611143   ,  0.0100063  ,  0.0701065  ,  15.0878    ,  19.7786    ])
474     , -2336.6     , array([ 0.237716   ,  0.611143   ,  0.0100063  ,  0.0700365  ,  15.0878    ,  19.7786    ])
480     , -2336.55    , array([ 0.237716   ,  0.611143   ,  0.0100063  ,  0.0700365  ,  15.0878    ,  19.7984    ])
486     , -2336.79    , array([ 0.237716   ,  0.611143   ,  0.0100063  ,  0.0701065  ,  15.0878    ,  19.7786    ])
492     , -2335.61    , array([ 0.236903   ,  0.612422   ,  0.00987558 ,  0.0695553  ,  15.098     ,  19.8963    ])
510     , -2335.39    , array([ 0.236903   ,  0.61181    ,  0.00987558 ,  0.0696248  ,  15.098     ,  19.8963    ])
516     , -2335.61    , array([ 0.236903   ,  0.612422   ,  0.00987558 ,  0.0695553  ,  15.098     ,  19.8963    ])
534     , -2335.39    , array([ 0.236903   ,  0.61181    ,  0.00987558 ,  0.0696248  ,  15.098     ,  19.8963    ])
540     , -2335.61    , array([ 0.236903   ,  0.612422   ,  0.00987558 ,  0.0695553  ,  15.098     ,  19.8963    ])
558     , -2335.39    , array([ 0.236903   ,  0.61181    ,  0.00987558 ,  0.0696248  ,  15.098     ,  19.8963    ])
564     , -2335.61    , array([ 0.236903   ,  0.612422   ,  0.00987558 ,  0.0695553  ,  15.098     ,  19.8963    ])
582     , -2335.39    , array([ 0.236903   ,  0.61181    ,  0.00987558 ,  0.0696248  ,  15.098     ,  19.8963    ])
588     , -2335.61    , array([ 0.236903   ,  0.612422   ,  0.00987558 ,  0.0695553  ,  15.098     ,  19.8963    ])
606     , -2335.39    , array([ 0.236903   ,  0.61181    ,  0.00987558 ,  0.0696248  ,  15.098     ,  19.8963    ])
612     , -2335.61    , array([ 0.236903   ,  0.612422   ,  0.00987558 ,  0.0695553  ,  15.098     ,  19.8963    ])
618     , -2333.74    , array([ 0.236071   ,  0.612183   ,  0.0097644  ,  0.0690617  ,  15.119     ,  19.993     ])
630     , -2335.39    , array([ 0.236903   ,  0.61181    ,  0.00987558 ,  0.0696248  ,  15.098     ,  19.8963    ])
636     , -2334.63    , array([ 0.236348   ,  0.612671   ,  0.00980132 ,  0.0692258  ,  15.112     ,  19.9607    ])
642     , -2333.91    , array([ 0.236164   ,  0.612142   ,  0.00977669 ,  0.0691163  ,  15.1166    ,  19.9823    ])
654     , -2333.96    , array([ 0.236091   ,  0.612175   ,  0.009767   ,  0.0691423  ,  15.1185    ,  19.9908    ])
660     , -2334.15    , array([ 0.236075   ,  0.612794   ,  0.00976495 ,  0.0690641  ,  15.1189    ,  19.9926    ])
666     , -2333.74    , array([ 0.236072   ,  0.612183   ,  0.00976452 ,  0.0690622  ,  15.119     ,  19.9929    ])
678     , -2333.93    , array([ 0.236071   ,  0.612183   ,  0.00976443 ,  0.0691309  ,  15.119     ,  19.993     ])
684     , -2334.15    , array([ 0.236071   ,  0.612796   ,  0.00976441 ,  0.0690617  ,  15.119     ,  19.993     ])
690     , -2333.74    , array([ 0.236071   ,  0.612183   ,  0.0097644  ,  0.0690617  ,  15.119     ,  19.993     ])
702     , -2333.93    , array([ 0.236071   ,  0.612183   ,  0.0097644  ,  0.0691308  ,  15.119     ,  19.993     ])
708     , -2334.15    , array([ 0.236071   ,  0.612796   ,  0.0097644  ,  0.0690617  ,  15.119     ,  19.993     ])
714     , -2333.74    , array([ 0.236071   ,  0.612183   ,  0.0097644  ,  0.0690617  ,  15.119     ,  19.993     ])
726     , -2333.93    , array([ 0.236071   ,  0.612183   ,  0.0097644  ,  0.0691308  ,  15.119     ,  19.993     ])
732     , -2334.15    , array([ 0.236071   ,  0.612796   ,  0.0097644  ,  0.0690617  ,  15.119     ,  19.993     ])
744     , -2333.72    , array([ 0.236308   ,  0.612183   ,  0.0097644  ,  0.0690617  ,  15.119     ,  19.993     ])
750     , -2334.58    , array([ 0.236547   ,  0.61197    ,  0.0098279  ,  0.0693438  ,  15.107     ,  19.9376    ])
756     , -2333.75    , array([ 0.236078   ,  0.61218    ,  0.00976533 ,  0.0690658  ,  15.1188    ,  19.9922    ])
768     , -2333.75    , array([ 0.236078   ,  0.61218    ,  0.00976533 ,  0.0690658  ,  15.1188    ,  19.9922    ])
774     , -2333.75    , array([ 0.236078   ,  0.61218    ,  0.00976533 ,  0.0690658  ,  15.1188    ,  19.9922    ])
780     , -2333.82    , array([ 0.236078   ,  0.61218    ,  0.00976533 ,  0.0690658  ,  15.1339    ,  19.9922    ])
786     , -2333.78    , array([ 0.236078   ,  0.61218    ,  0.0097751  ,  0.0690658  ,  15.1188    ,  19.9922    ])
792     , -2333.75    , array([ 0.236078   ,  0.61218    ,  0.00976533 ,  0.0690658  ,  15.1188    ,  19.9922    ])
798     , -2333.75    , array([ 0.236078   ,  0.61218    ,  0.00976533 ,  0.0690658  ,  15.1188    ,  19.9922    ])
804     , -2334.16    , array([ 0.236078   ,  0.612793   ,  0.00976533 ,  0.0690658  ,  15.1188    ,  19.9922    ])
4130.82853446
Nref 2187479.37735
paramname nuA 0.236078304078 effective pop size 516416.421611
paramname s 0.612180317596 effective pop size 1339131.81996
paramname TA 0.00976533394168 generation 42722.9332207
paramname TS 0.0690657961764 generation 302160.009632
paramname m12 15.1188021801 migration rate 3.45575879176e-06
paramname m21 19.9922279338 migration rate 4.56969517994e-06
title:theta,ll_opt ['nuA', 's', 'TA', 'TS', 'm12', 'm21']
Optimized parameters [4130.8285344553151, -2333.7527441389129, array([  2.36078304e-01,   6.12180318e-01,   9.76533394e-03,
         6.90657962e-02,   1.51188022e+01,   1.99922279e+01])]
