[('spotbilled13', '26'), ('mallard14', '26')]
upper_bound [50.0, 1.0, 10.0, 5.0, 20.0, 20.0]
lower_bound [1e-05, 0.0, 1e-07, 1e-07, 0.001, 0.001]
params array([ 2.  ,  0.5 ,  0.3 ,  0.05,  2.  ,  2.  ])
paramsname ['nuA', 's', 'TA', 'TS', 'm12', 'm21']
6       , -4910.7     , array([ 1.6553     ,  0.678237   ,  0.204668   ,  0.078607   ,  2.99659    ,  2.73364    ])
12      , -52791      , array([ 0.0160816  ,  0.0279355  ,  0.199315   ,  0.00888499 ,  5.77555    ,  6.45611    ])
18      , -4447.19    , array([ 1.28378    ,  0.569351   ,  0.204371   ,  0.0697478  ,  3.10346    ,  2.86558    ])
24      , -4446.98    , array([ 1.28378    ,  0.569351   ,  0.204371   ,  0.0697478  ,  3.10346    ,  2.86845    ])
30      , -4423.86    , array([ 0.684903   ,  0.741909   ,  0.211414   ,  0.0410527  ,  3.66814    ,  3.42028    ])
36      , -4186.19    , array([ 1.01002    ,  0.630526   ,  0.207031   ,  0.0569498  ,  3.30797    ,  3.06584    ])
42      , -3729.9     , array([ 0.854379   ,  0.669219   ,  0.212703   ,  0.0334449  ,  3.80256    ,  3.59648    ])
48      , -3729.78    , array([ 0.854379   ,  0.669219   ,  0.212703   ,  0.0334449  ,  3.80256    ,  3.60008    ])
54      , -3285.39    , array([ 0.55743    ,  0.770134   ,  0.176082   ,  0.00600065 ,  1.11788    ,  1.07419    ])
66      , -3286.05    , array([ 0.557429   ,  0.770134   ,  0.17608    ,  0.00599464 ,  1.11788    ,  1.07419    ])
72      , -3286.06    , array([ 0.557429   ,  0.770134   ,  0.17608    ,  0.00599464 ,  1.11788    ,  1.07527    ])
78      , -3244.99    , array([ 0.546052   ,  0.793742   ,  0.114817   ,  0.00553205 ,  0.900827   ,  1.26216    ])
84      , -3162.11    , array([ 0.520971   ,  0.839095   ,  0.103443   ,  0.00495579 ,  0.334719   ,  2.82087    ])
102     , -3163.38    , array([ 0.520971   ,  0.838257   ,  0.103443   ,  0.00496075 ,  0.334719   ,  2.82087    ])
108     , -3162.11    , array([ 0.520971   ,  0.839095   ,  0.103443   ,  0.00495579 ,  0.334718   ,  2.82088    ])
114     , -3400.09    , array([ 0.474211   ,  0.934916   ,  0.0839643  ,  0.00398507 ,  0.0462124  ,  14.0902    ])
120     , -3400.07    , array([ 0.474211   ,  0.934916   ,  0.0839643  ,  0.00398507 ,  0.0462124  ,  14.1043    ])
126     , -3131.74    , array([ 0.503877   ,  0.871346   ,  0.0960636  ,  0.00459156 ,  0.165812   ,  4.99107    ])
138     , -3131.95    , array([ 0.503877   ,  0.871347   ,  0.0960635  ,  0.00458697 ,  0.165812   ,  4.99107    ])
144     , -3131.98    , array([ 0.503877   ,  0.871347   ,  0.0960635  ,  0.00458697 ,  0.165812   ,  4.99606    ])
150     , -3131.74    , array([ 0.503877   ,  0.871347   ,  0.0960634  ,  0.00459155 ,  0.165812   ,  4.99107    ])
162     , -3131.95    , array([ 0.503877   ,  0.871347   ,  0.0960634  ,  0.00458696 ,  0.165812   ,  4.99107    ])
168     , -3131.98    , array([ 0.503877   ,  0.871347   ,  0.0960634  ,  0.00458696 ,  0.165812   ,  4.99606    ])
174     , -3131.74    , array([ 0.503877   ,  0.871347   ,  0.0960634  ,  0.00459155 ,  0.165812   ,  4.99107    ])
180     , -3343.63    , array([ 0.465248   ,  0.936244   ,  0.0687941  ,  0.00355992 ,  0.108552   ,  5.77611    ])
186     , -3121.35    , array([ 0.493646   ,  0.887366   ,  0.0881587  ,  0.00429748 ,  0.148696   ,  5.18215    ])
192     , -3121.42    , array([ 0.493646   ,  0.887366   ,  0.0881587  ,  0.00429748 ,  0.148696   ,  5.18733    ])
198     , -3111.12    , array([ 0.477644   ,  0.897334   ,  0.0805744  ,  0.00403489 ,  0.162148   ,  4.64122    ])
204     , -3092.54    , array([ 0.457736   ,  0.896124   ,  0.0788372  ,  0.00388189 ,  0.159522   ,  4.75045    ])
210     , -3029.02    , array([ 0.386064   ,  0.886856   ,  0.0722553  ,  0.00333905 ,  0.149436   ,  5.21365    ])
216     , -3029.03    , array([ 0.386064   ,  0.886856   ,  0.0722553  ,  0.00333905 ,  0.149436   ,  5.21887    ])
222     , -2937.28    , array([ 0.256094   ,  0.859177   ,  0.0376097  ,  0.00241892 ,  0.182962   ,  5.6919     ])
228     , -2842.5     , array([ 0.170536   ,  0.817085   ,  0.0210592  ,  0.0020922  ,  0.487997   ,  4.69865    ])
246     , -2842.26    , array([ 0.170536   ,  0.816269   ,  0.0210591  ,  0.00209429 ,  0.487998   ,  4.69865    ])
252     , -2706.05    , array([ 0.0582952  ,  0.713721   ,  0.00455549 ,  0.00143015 ,  6.50443    ,  2.83207    ])
258     , -2695.06    , array([ 0.0651929  ,  0.731526   ,  0.0053271  ,  0.00134337 ,  3.01852    ,  3.50955    ])
264     , -2695.06    , array([ 0.0651929  ,  0.731526   ,  0.0053271  ,  0.00134337 ,  3.01852    ,  3.51307    ])
270     , -2677.32    , array([ 0.0535066  ,  0.717967   ,  0.00429655 ,  0.00115265 ,  3.02709    ,  3.71744    ])
276     , -2647.9     , array([ 0.0360352  ,  0.693789   ,  0.0027731  ,  0.000820676,  2.63886    ,  4.3635     ])
282     , -2606.15    , array([ 0.0153399  ,  0.638207   ,  0.00115899 ,  0.000412832,  2.36272    ,  5.78633    ])
288     , -2606.15    , array([ 0.0153399  ,  0.638207   ,  0.00115899 ,  0.000412832,  2.36272    ,  5.79212    ])
294     , -2577.62    , array([ 0.00641177 ,  0.594637   ,  0.00044317 ,  0.000179925,  1.1762     ,  9.33538    ])
306     , -2577.42    , array([ 0.00641176 ,  0.594637   ,  0.00044317 ,  0.000179745,  1.1762     ,  9.33538    ])
312     , -2577.42    , array([ 0.00641176 ,  0.594637   ,  0.00044317 ,  0.000179745,  1.1762     ,  9.34472    ])
318     , -2557.82    , array([ 0.00279769 ,  0.558807   ,  0.00022571 ,  7.61653e-05,  0.386014   ,  16.8556    ])
330     , -2557.75    , array([ 0.00279769 ,  0.558807   ,  0.00022571 ,  7.60891e-05,  0.386014   ,  16.8556    ])
336     , -2557.75    , array([ 0.00279769 ,  0.558807   ,  0.00022571 ,  7.60891e-05,  0.386014   ,  16.8725    ])
348     , -2557.93    , array([ 0.00279769 ,  0.559366   ,  0.00022571 ,  7.60891e-05,  0.386014   ,  16.8556    ])
354     , -2553.37    , array([ 0.00226942 ,  0.550393   ,  0.000176555,  6.13847e-05,  0.306367   ,  19.3007    ])
360     , -2553.37    , array([ 0.00226942 ,  0.550393   ,  0.000176555,  6.13847e-05,  0.306367   ,  19.32      ])
372     , -2553.55    , array([ 0.00226942 ,  0.550944   ,  0.000176555,  6.13847e-05,  0.306367   ,  19.3007    ])
378     , -2553.37    , array([ 0.00226942 ,  0.550393   ,  0.000176555,  6.13847e-05,  0.306367   ,  19.3007    ])
384     , -2553.37    , array([ 0.00226942 ,  0.550393   ,  0.000176555,  6.13847e-05,  0.306367   ,  19.32      ])
390     , -2552.8     , array([ 0.0021901  ,  0.548976   ,  0.000169335,  5.92434e-05,  0.294565   ,  19.7503    ])
402     , -2552.82    , array([ 0.0021901  ,  0.548976   ,  0.000169335,  5.91842e-05,  0.294565   ,  19.7503    ])
408     , -2552.82    , array([ 0.0021901  ,  0.548976   ,  0.000169335,  5.91842e-05,  0.294565   ,  19.77      ])
414     , -2552.8     , array([ 0.0021901  ,  0.548976   ,  0.000169335,  5.92434e-05,  0.294565   ,  19.7503    ])
426     , -2552.82    , array([ 0.0021901  ,  0.548976   ,  0.000169335,  5.91842e-05,  0.294565   ,  19.7503    ])
432     , -2552.82    , array([ 0.0021901  ,  0.548976   ,  0.000169335,  5.91842e-05,  0.294565   ,  19.77      ])
444     , -2552.88    , array([ 0.0021901  ,  0.549525   ,  0.000169335,  5.91842e-05,  0.294565   ,  19.7503    ])
450     , -2552.81    , array([ 0.00218889 ,  0.54895    ,  0.00016923 ,  5.91545e-05,  0.294472   ,  19.7554    ])
456     , -2552.81    , array([ 0.00218889 ,  0.54895    ,  0.00016923 ,  5.91545e-05,  0.294472   ,  19.7752    ])
462     , -2552.64    , array([ 0.00215045 ,  0.548127   ,  0.000165871,  5.82642e-05,  0.291497   ,  19.9222    ])
474     , -2552.65    , array([ 0.00215045 ,  0.548127   ,  0.000165871,  5.8206e-05 ,  0.291497   ,  19.9222    ])
480     , -2552.65    , array([ 0.00215045 ,  0.548127   ,  0.000165871,  5.8206e-05 ,  0.291497   ,  19.9421    ])
486     , -2552.64    , array([ 0.00215045 ,  0.548127   ,  0.000165871,  5.82642e-05,  0.291497   ,  19.9222    ])
492     , -2552.71    , array([ 0.00215045 ,  0.548676   ,  0.000165871,  5.8206e-05 ,  0.291497   ,  19.9222    ])
498     , -2552.65    , array([ 0.00215045 ,  0.548127   ,  0.000165871,  5.8206e-05 ,  0.291497   ,  19.9222    ])
504     , -2552.65    , array([ 0.00215045 ,  0.548127   ,  0.000165871,  5.8206e-05 ,  0.291497   ,  19.9421    ])
510     , -2552.64    , array([ 0.00215045 ,  0.548127   ,  0.000165871,  5.82642e-05,  0.291497   ,  19.9222    ])
516     , -2552.71    , array([ 0.00215045 ,  0.548676   ,  0.000165871,  5.8206e-05 ,  0.291497   ,  19.9222    ])
522     , -2552.65    , array([ 0.00215045 ,  0.548127   ,  0.000165871,  5.8206e-05 ,  0.291497   ,  19.9222    ])
528     , -2552.65    , array([ 0.00215045 ,  0.548127   ,  0.000165871,  5.8206e-05 ,  0.291497   ,  19.9421    ])
534     , -2552.64    , array([ 0.00215045 ,  0.548127   ,  0.000165871,  5.82642e-05,  0.291497   ,  19.9222    ])
546     , -2552.57    , array([ 0.00213341 ,  0.547758   ,  0.000164385,  5.78429e-05,  0.290171   ,  19.9975    ])
552     , -2552.59    , array([ 0.00213591 ,  0.547813   ,  0.000164604,  5.7847e-05 ,  0.290366   ,  19.9864    ])
558     , -2552.64    , array([ 0.00213361 ,  0.548311   ,  0.000164403,  5.77901e-05,  0.290187   ,  19.9966    ])
564     , -2552.58    , array([ 0.00213361 ,  0.547763   ,  0.000164403,  5.77901e-05,  0.290187   ,  19.9966    ])
570     , -2552.58    , array([ 0.00213361 ,  0.547763   ,  0.000164403,  5.77901e-05,  0.290187   ,  19.9966    ])
576     , -2552.58    , array([ 0.00213574 ,  0.547763   ,  0.000164403,  5.77901e-05,  0.290187   ,  19.9966    ])
582     , -2552.58    , array([ 0.00213361 ,  0.547763   ,  0.000164403,  5.77901e-05,  0.290187   ,  19.9966    ])
588     , -2552.58    , array([ 0.00213361 ,  0.547763   ,  0.000164403,  5.77901e-05,  0.290477   ,  19.9966    ])
594     , -2552.6     , array([ 0.00213361 ,  0.547763   ,  0.000164568,  5.77901e-05,  0.290187   ,  19.9966    ])
600     , -2552.58    , array([ 0.00213361 ,  0.547763   ,  0.000164403,  5.77901e-05,  0.290187   ,  19.9966    ])
606     , -2552.58    , array([ 0.00213361 ,  0.547763   ,  0.000164403,  5.77901e-05,  0.290187   ,  19.9966    ])
612     , -2552.64    , array([ 0.00213361 ,  0.548311   ,  0.000164403,  5.77901e-05,  0.290187   ,  19.9966    ])
3562.41413048
Nref 1886475.64986
paramname nuA 0.00213361020037 effective pop size 4025.00368929
paramname s 0.547762736334 effective pop size 1033341.064
paramname TA 0.000164403247088 generation 620.285444779
paramname TS 5.7790111037e-05 generation 218.039274548
paramname m12 0.290186554141 migration rate 7.69123508598e-08
paramname m21 19.9966198701 migration rate 5.29999416413e-06
title:theta,ll_opt ['nuA', 's', 'TA', 'TS', 'm12', 'm21']
Optimized parameters [3562.4141304825448, -2552.5821044531444, array([  2.13361020e-03,   5.47762736e-01,   1.64403247e-04,
         5.77901110e-05,   2.90186554e-01,   1.99966199e+01])]
