[('spotbilled13', '26'), ('quantizpool', '24')]
upper_bound [50.0, 1.0, 10.0, 5.0, 20.0, 20.0]
lower_bound [1e-05, 0.0, 1e-06, 1e-06, 0.001, 0.001]
params array([ 2. ,  0.5,  0.3,  0.1,  2. ,  2. ])
paramsname ['nuA', 's', 'TA', 'TS', 'm12', 'm21']
6       , -8453.48    , array([ 3.51008    ,  0.28105    ,  0.282035   ,  0.119438   ,  1.13247    ,  2.20149    ])
12      , -12267.6    , array([ 0.64802    ,  0.170664   ,  0.263443   ,  0.191037   ,  1.04679    ,  1.98308    ])
18      , -6408.26    , array([ 1.87644    ,  0.233516   ,  0.274995   ,  0.142152   ,  1.09923    ,  2.11786    ])
24      , -6408.42    , array([ 1.87644    ,  0.233516   ,  0.274995   ,  0.142152   ,  1.09923    ,  2.11998    ])
30      , -5291.64    , array([ 0.500105   ,  0.683891   ,  0.272776   ,  0.0716726  ,  1.47489    ,  1.81511    ])
36      , -5263.77    , array([ 1.23712    ,  0.327924   ,  0.274294   ,  0.114531   ,  1.2059     ,  2.01739    ])
54      , -5266.29    , array([ 1.23711    ,  0.3276     ,  0.274294   ,  0.114645   ,  1.2059     ,  2.01742    ])
60      , -5263.75    , array([ 1.23711    ,  0.327929   ,  0.274294   ,  0.114531   ,  1.2059     ,  2.01743    ])
66      , -4219.03    , array([ 0.834067   ,  0.588112   ,  0.283287   ,  0.137421   ,  1.39316    ,  3.69491    ])
72      , -4218.23    , array([ 0.834067   ,  0.588112   ,  0.283287   ,  0.137421   ,  1.39316    ,  3.69861    ])
84      , -4218.87    , array([ 0.834063   ,  0.588701   ,  0.283286   ,  0.13742    ,  1.39317    ,  3.69496    ])
90      , -4219.01    , array([ 0.83406    ,  0.588113   ,  0.283286   ,  0.13742    ,  1.39317    ,  3.69499    ])
96      , -4218.21    , array([ 0.83406    ,  0.588113   ,  0.283286   ,  0.13742    ,  1.39317    ,  3.69869    ])
102     , -3417.45    , array([ 0.551661   ,  0.664987   ,  0.260284   ,  0.0996784  ,  2.27311    ,  9.93183    ])
114     , -3417.34    , array([ 0.55166    ,  0.664988   ,  0.26028    ,  0.0995788  ,  2.27312    ,  9.93186    ])
120     , -3417       , array([ 0.55166    ,  0.664988   ,  0.26028    ,  0.0995788  ,  2.27312    ,  9.9418     ])
126     , -3417.44    , array([ 0.55166    ,  0.66499    ,  0.260277   ,  0.0996785  ,  2.27313    ,  9.93189    ])
132     , -8400.76    , array([ 0.455311   ,  0.950818   ,  0.0207513  ,  0.113721   ,  4.55434    ,  17.024     ])
138     , -3288.02    , array([ 0.519558   ,  0.743325   ,  0.118134   ,  0.103796   ,  2.82414    ,  11.7524    ])
144     , -3287.36    , array([ 0.519558   ,  0.743325   ,  0.118134   ,  0.103796   ,  2.82414    ,  11.7642    ])
156     , -3290.07    , array([ 0.519558   ,  0.744069   ,  0.118134   ,  0.103796   ,  2.82414    ,  11.7524    ])
162     , -3288.02    , array([ 0.519558   ,  0.743325   ,  0.118133   ,  0.103796   ,  2.82414    ,  11.7524    ])
168     , -3287.36    , array([ 0.519558   ,  0.743325   ,  0.118133   ,  0.103796   ,  2.82414    ,  11.7642    ])
174     , -3161.18    , array([ 0.476428   ,  0.776347   ,  0.0655945  ,  0.0775934  ,  1.42434    ,  16.5779    ])
186     , -3161.11    , array([ 0.476428   ,  0.776347   ,  0.0655945  ,  0.0775159  ,  1.42434    ,  16.5779    ])
192     , -3160.54    , array([ 0.476428   ,  0.776347   ,  0.0655945  ,  0.0775159  ,  1.42434    ,  16.5945    ])
198     , -3161.18    , array([ 0.476428   ,  0.776347   ,  0.0655945  ,  0.0775934  ,  1.42434    ,  16.5779    ])
204     , -3124.34    , array([ 0.462996   ,  0.788351   ,  0.0540195  ,  0.0703963  ,  1.13635    ,  18.5709    ])
222     , -3122.62    , array([ 0.462996   ,  0.787563   ,  0.0540195  ,  0.0704667  ,  1.13635    ,  18.5709    ])
228     , -3124.34    , array([ 0.462996   ,  0.788351   ,  0.0540194  ,  0.0703962  ,  1.13635    ,  18.5709    ])
246     , -3122.62    , array([ 0.462996   ,  0.787563   ,  0.0540194  ,  0.0704667  ,  1.13635    ,  18.5709    ])
252     , -3124.34    , array([ 0.462996   ,  0.788351   ,  0.0540194  ,  0.0703962  ,  1.13635    ,  18.5709    ])
270     , -3122.62    , array([ 0.462996   ,  0.787563   ,  0.0540194  ,  0.0704666  ,  1.13634    ,  18.5709    ])
276     , -3124.34    , array([ 0.462996   ,  0.788351   ,  0.0540194  ,  0.0703962  ,  1.13634    ,  18.5709    ])
294     , -3122.62    , array([ 0.462996   ,  0.787563   ,  0.0540194  ,  0.0704666  ,  1.13634    ,  18.5709    ])
300     , -3124.34    , array([ 0.462996   ,  0.788351   ,  0.0540194  ,  0.0703962  ,  1.13634    ,  18.5709    ])
318     , -3122.62    , array([ 0.462996   ,  0.787563   ,  0.0540194  ,  0.0704666  ,  1.13634    ,  18.5709    ])
324     , -3124.34    , array([ 0.462996   ,  0.788351   ,  0.0540194  ,  0.0703962  ,  1.13634    ,  18.5709    ])
330     , -3112.17    , array([ 0.458046   ,  0.792733   ,  0.0515281  ,  0.0680078  ,  1.03347    ,  19.3922    ])
336     , -3111.71    , array([ 0.458046   ,  0.792733   ,  0.0515281  ,  0.0680078  ,  1.03347    ,  19.4116    ])
342     , -3105.66    , array([ 0.454808   ,  0.796163   ,  0.0499472  ,  0.0665425  ,  0.970721   ,  19.954     ])
354     , -3105.61    , array([ 0.454808   ,  0.796163   ,  0.0499472  ,  0.066476   ,  0.970721   ,  19.954     ])
360     , -3105.14    , array([ 0.454808   ,  0.796163   ,  0.0499472  ,  0.066476   ,  0.970721   ,  19.974     ])
366     , -3105.66    , array([ 0.454808   ,  0.796163   ,  0.0499472  ,  0.0665425  ,  0.970721   ,  19.954     ])
378     , -3105.61    , array([ 0.454808   ,  0.796163   ,  0.0499472  ,  0.066476   ,  0.970721   ,  19.954     ])
384     , -3105.14    , array([ 0.454808   ,  0.796163   ,  0.0499472  ,  0.066476   ,  0.970721   ,  19.974     ])
396     , -3107.47    , array([ 0.454808   ,  0.79696    ,  0.0499472  ,  0.066476   ,  0.970721   ,  19.954     ])
402     , -3105.5     , array([ 0.454749   ,  0.796225   ,  0.0499191  ,  0.0664487  ,  0.969625   ,  19.9643    ])
408     , -3105.02    , array([ 0.454749   ,  0.796225   ,  0.0499191  ,  0.0664487  ,  0.969625   ,  19.9842    ])
414     , -3105.3     , array([ 0.454622   ,  0.796361   ,  0.0498579  ,  0.0664554  ,  0.967234   ,  19.9868    ])
420     , -3107.36    , array([ 0.454749   ,  0.797022   ,  0.0499191  ,  0.0664487  ,  0.969625   ,  19.9643    ])
426     , -3105.33    , array([ 0.454665   ,  0.796315   ,  0.0498783  ,  0.0664089  ,  0.968031   ,  19.9793    ])
432     , -3104.87    , array([ 0.454665   ,  0.796315   ,  0.0498783  ,  0.0664089  ,  0.968031   ,  19.9992    ])
444     , -3107.19    , array([ 0.454665   ,  0.797112   ,  0.0498783  ,  0.0664089  ,  0.968031   ,  19.9793    ])
450     , -3105.33    , array([ 0.454665   ,  0.796315   ,  0.0498783  ,  0.0664089  ,  0.968031   ,  19.9793    ])
456     , -3104.87    , array([ 0.454665   ,  0.796315   ,  0.0498783  ,  0.0664089  ,  0.968031   ,  19.9992    ])
468     , -3107.19    , array([ 0.454665   ,  0.797112   ,  0.0498783  ,  0.0664089  ,  0.968031   ,  19.9793    ])
474     , -3105.33    , array([ 0.454665   ,  0.796315   ,  0.0498783  ,  0.0664089  ,  0.968031   ,  19.9793    ])
480     , -3104.87    , array([ 0.454665   ,  0.796315   ,  0.0498783  ,  0.0664089  ,  0.968031   ,  19.9992    ])
492     , -3107.19    , array([ 0.454665   ,  0.797112   ,  0.0498783  ,  0.0664089  ,  0.968031   ,  19.9793    ])
498     , -3105.33    , array([ 0.454665   ,  0.796315   ,  0.0498783  ,  0.0664089  ,  0.968031   ,  19.9793    ])
504     , -3104.87    , array([ 0.454665   ,  0.796315   ,  0.0498783  ,  0.0664089  ,  0.968031   ,  19.9992    ])
516     , -3107.19    , array([ 0.454665   ,  0.797112   ,  0.0498783  ,  0.0664089  ,  0.968031   ,  19.9793    ])
522     , -3105.33    , array([ 0.454665   ,  0.796315   ,  0.0498783  ,  0.0664089  ,  0.968031   ,  19.9793    ])
528     , -3104.87    , array([ 0.454665   ,  0.796315   ,  0.0498783  ,  0.0664089  ,  0.968031   ,  19.9992    ])
540     , -3107.19    , array([ 0.454665   ,  0.797112   ,  0.0498783  ,  0.0664089  ,  0.968031   ,  19.9793    ])
546     , -3105.33    , array([ 0.454665   ,  0.796315   ,  0.0498783  ,  0.0664089  ,  0.968031   ,  19.9793    ])
552     , -3104.87    , array([ 0.454665   ,  0.796315   ,  0.0498783  ,  0.0664089  ,  0.968031   ,  19.9992    ])
564     , -3107.19    , array([ 0.454665   ,  0.797112   ,  0.0498783  ,  0.0664089  ,  0.968031   ,  19.9793    ])
582     , -3105.39    , array([ 0.454665   ,  0.796315   ,  0.0498783  ,  0.0664753  ,  0.968031   ,  19.9793    ])
588     , -3107.19    , array([ 0.454665   ,  0.797112   ,  0.0498783  ,  0.0664089  ,  0.968031   ,  19.9793    ])
594     , -3104.97    , array([ 0.454529   ,  0.796343   ,  0.0498192  ,  0.0663485  ,  0.966211   ,  19.9949    ])
606     , -3105.39    , array([ 0.454665   ,  0.796315   ,  0.0498783  ,  0.0664753  ,  0.968031   ,  19.9793    ])
612     , -3106.95    , array([ 0.454574   ,  0.79713    ,  0.0498389  ,  0.0663687  ,  0.966817   ,  19.9897    ])
618     , -3104.99    , array([ 0.454539   ,  0.796341   ,  0.0498234  ,  0.0663528  ,  0.966339   ,  19.9938    ])
630     , -3105.02    , array([ 0.454531   ,  0.796342   ,  0.0498201  ,  0.0664158  ,  0.966238   ,  19.9946    ])
636     , -3106.83    , array([ 0.454529   ,  0.797139   ,  0.0498194  ,  0.0663487  ,  0.966217   ,  19.9948    ])
642     , -3104.97    , array([ 0.454529   ,  0.796343   ,  0.0498193  ,  0.0663486  ,  0.966212   ,  19.9949    ])
654     , -3105.01    , array([ 0.454529   ,  0.796343   ,  0.0498192  ,  0.0664149  ,  0.966211   ,  19.9949    ])
660     , -3106.83    , array([ 0.454529   ,  0.797139   ,  0.0498192  ,  0.0663485  ,  0.966211   ,  19.9949    ])
666     , -3104.97    , array([ 0.454529   ,  0.796343   ,  0.0498192  ,  0.0663485  ,  0.966211   ,  19.9949    ])
684     , -3105.08    , array([ 0.454562   ,  0.796336   ,  0.0498834  ,  0.0663632  ,  0.966652   ,  19.9911    ])
690     , -3105.08    , array([ 0.454572   ,  0.796334   ,  0.0498378  ,  0.0663675  ,  0.966783   ,  19.99      ])
696     , -3105.11    , array([ 0.454566   ,  0.796335   ,  0.0498354  ,  0.0664315  ,  0.966708   ,  19.9906    ])
702     , -3105.07    , array([ 0.454566   ,  0.796335   ,  0.0498354  ,  0.0663651  ,  0.966708   ,  19.9906    ])
708     , -3105.07    , array([ 0.454566   ,  0.796335   ,  0.0498354  ,  0.0663651  ,  0.966708   ,  19.9906    ])
714     , -3105.09    , array([ 0.454566   ,  0.796335   ,  0.0498852  ,  0.0663651  ,  0.966708   ,  19.9906    ])
720     , -3105.19    , array([ 0.455021   ,  0.796335   ,  0.0498354  ,  0.0663651  ,  0.966708   ,  19.9906    ])
726     , -3105.07    , array([ 0.454566   ,  0.796335   ,  0.0498354  ,  0.0663651  ,  0.966708   ,  19.9906    ])
732     , -3105.03    , array([ 0.454566   ,  0.796335   ,  0.0498354  ,  0.0663651  ,  0.967676   ,  19.9906    ])
738     , -3105.07    , array([ 0.454566   ,  0.796335   ,  0.0498354  ,  0.0663651  ,  0.966708   ,  19.9906    ])
744     , -3105.07    , array([ 0.454566   ,  0.796335   ,  0.0498354  ,  0.0663651  ,  0.966708   ,  19.9906    ])
750     , -3105.11    , array([ 0.454566   ,  0.796335   ,  0.0498354  ,  0.0664315  ,  0.966708   ,  19.9906    ])
756     , -3106.93    , array([ 0.454566   ,  0.797132   ,  0.0498354  ,  0.0663651  ,  0.966708   ,  19.9906    ])
762     , -3105.07    , array([ 0.454566   ,  0.796335   ,  0.0498354  ,  0.0663651  ,  0.966708   ,  19.9906    ])
774     , -3105.07    , array([ 0.454566   ,  0.796335   ,  0.0498354  ,  0.0663651  ,  0.966708   ,  19.9906    ])
780     , -3105.07    , array([ 0.454566   ,  0.796335   ,  0.0498354  ,  0.0663651  ,  0.966708   ,  19.9906    ])
786     , -3105.03    , array([ 0.454566   ,  0.796335   ,  0.0498354  ,  0.0663651  ,  0.967676   ,  19.9906    ])
3441.28036034
Nref 1822329.28748
paramname nuA 0.454566132381 effective pop size 828369.176136
paramname s 0.796335210723 effective pop size 1451184.97715
paramname TA 0.0498353696807 generation 181632.907443
paramname TS 0.0663650562186 generation 241877.971225
paramname m12 0.966708496993 migration rate 2.65239796022e-07
paramname m21 19.9905934718 migration rate 5.48490155129e-06
title:theta,ll_opt ['nuA', 's', 'TA', 'TS', 'm12', 'm21']
Optimized parameters [3441.2803603370603, -3105.0657048710823, array([  0.45456613,   0.79633521,   0.04983537,   0.06636506,
         0.9667085 ,  19.99059347])]
